<?xml version="1.0" encoding="utf-8"?><testsuites><testsuite name="pytest" errors="0" failures="0" skipped="0" tests="3" time="0.564" timestamp="2024-01-16T12:52:31.543791" hostname="randy-P65-Creator-8RE"><testcase classname="examples_rclpy_executors.executors.test.test_copyright" name="test_copyright" time="0.319" /><testcase classname="examples_rclpy_executors.executors.test.test_flake8" name="test_flake8" time="0.116" /><testcase classname="examples_rclpy_executors.executors.test.test_pep257" name="test_pep257" time="0.048" /></testsuite></testsuites>